2012-02-16 15:39:07.745-0500: Creating new db @ /home/adrian/Aqui/PersistenceService/target/our-db/neostore
2012-02-16 15:39:09.653-0500: Opened [/home/adrian/Aqui/PersistenceService/target/our-db/nioneo_logical.log.1] clean empty log, version=0, lastTxId=1
2012-02-16 15:39:09.878-0500: Opened [/home/adrian/Aqui/PersistenceService/target/our-db/index/lucene.log.1] clean empty log, version=0, lastTxId=1
2012-02-16 15:39:09.925-0500: TM new log: tm_tx_log.1
2012-02-16 15:39:10.076-0500: --- STARTUP diagnostics START ---
2012-02-16 15:39:10.077-0500: Graph Database: org.neo4j.kernel.EmbeddedGraphDatabase StoreId[time:1329424747851, id:774134528696818006, store version: 13561656364791302]
2012-02-16 15:39:10.091-0500: Kernel version: Neo4j - Graph Database Kernel 1.6
2012-02-16 15:39:10.091-0500: Neo4j component versions:
2012-02-16 15:39:10.093-0500:   Neo4j - Graph Database Kernel 1.6
2012-02-16 15:39:10.103-0500: Diagnostics providers:
    KernelDiagnostics:Versions
    org.neo4j.kernel.info.DiagnosticsManager
    SYSTEM_MEMORY
    JAVA_MEMORY
    OPERATING_SYSTEM
    JAVA_VIRTUAL_MACHINE
    CLASSPATH
    LIBRARY_PATH
    SYSTEM_PROPERTIES
    LINUX_SCHEDULERS
    org.neo4j.kernel.Config
    NEO_STORE_VERSIONS
    NEO_STORE_ID_USAGE
    KernelDiagnostics:StoreFiles
2012-02-16 15:39:10.113-0500: System memory information:
    Total Physical memory: 1,92 GB
    Free Physical memory: 49,00 MB
    Committed virtual memory: 639,72 MB
    Total swap space: 947,99 MB
    Free swap space: 907,22 MB
2012-02-16 15:39:10.166-0500: JVM memory information:
    Free  memory: 27,42 MB
    Total memory: 29,44 MB
    Max   memory: 437,38 MB
    Garbage Collector: PS Scavenge: [PS Eden Space, PS Survivor Space]
    Garbage Collector: PS MarkSweep: [PS Eden Space, PS Survivor Space, PS Old Gen, PS Perm Gen]
    Memory Pool: Code Cache (Non-heap memory): committed=2,25 MB, used=394,88 kB, max=48,00 MB, threshold=0,00 B
    Memory Pool: PS Eden Space (Heap memory): committed=7,69 MB, used=944,91 kB, max=161,50 MB, threshold=?
    Memory Pool: PS Survivor Space (Heap memory): committed=1,25 MB, used=880,05 kB, max=1,25 MB, threshold=?
    Memory Pool: PS Old Gen (Heap memory): committed=20,50 MB, used=241,71 kB, max=328,00 MB, threshold=0,00 B
    Memory Pool: PS Perm Gen (Non-heap memory): committed=16,00 MB, used=6,37 MB, max=64,00 MB, threshold=0,00 B
2012-02-16 15:39:10.217-0500: Operating system information:
    Operating System: Linux; version: 2.6.32-5-686; arch: i386; cpus: 2
    Max number of file descriptors: 1024
    Number of open file descriptors: 43
    Process id: 15446@ElChompiras
    Byte order: LITTLE_ENDIAN
2012-02-16 15:39:10.220-0500: JVM information:
    VM Name: Java HotSpot(TM) Server VM
    VM Vendor: Sun Microsystems Inc.
    VM Version: 20.1-b02
    JIT compiler: HotSpot Tiered Compilers
    VM Arguments: [-Dfile.encoding=UTF-8, -Djava.rmi.server.codebase=file:////home/adrian/Aqui/PersistenceServiceRemoteInterfaces/dist/PersistenceServiceRemoteInterfaces.jar, file:///home/adrian/Aqui/PersistenceAbstractionAPI/dist/PersistenceAbstractionAPI.jar]
2012-02-16 15:39:10.221-0500: Java classpath:
     [classpath + loader.0] file:/home/adrian/Aqui/PersistenceServiceRemoteInterfaces/build/classes/
     [classpath + loader.0] file:/home/adrian/Programas/neo4j-community-1.6/lib/neo4j-kernel-1.6.jar
     [classpath + loader.0] file:/home/adrian/Programas/neo4j-community-1.6/lib/neo4j-lucene-index-1.6.jar
     [bootstrap] /usr/lib/jvm/java-6-sun-1.6.0.26/jre/lib/jsse.jar
     [loader.1] file:/usr/lib/jvm/java-6-sun-1.6.0.26/jre/lib/ext/localedata.jar
     [bootstrap] /usr/lib/jvm/java-6-sun-1.6.0.26/jre/lib/modules/jdk.boot.jar
     [classpath + loader.0] file:/home/adrian/Programas/neo4j-community-1.6/lib/neo4j-graph-algo-1.6.jar
     [bootstrap] /usr/lib/jvm/java-6-sun-1.6.0.26/jre/lib/jce.jar
     [classpath + loader.0] file:/home/adrian/Aqui/PersistenceServiceRemoteInterfaces/src/
     [bootstrap] /usr/lib/jvm/java-6-sun-1.6.0.26/jre/lib/rt.jar
     [loader.1] file:/usr/lib/jvm/java-6-sun-1.6.0.26/jre/lib/ext/dnsns.jar
     [bootstrap] /usr/lib/jvm/java-6-sun-1.6.0.26/jre/lib/resources.jar
     [classpath + loader.0] file:/home/adrian/Programas/neo4j-community-1.6/lib/neo4j-shell-1.6.jar
     [classpath + loader.0] file:/home/adrian/Programas/neo4j-community-1.6/lib/lucene-core-3.5.0.jar
     [classpath + loader.0] file:/home/adrian/Aqui/PersistenceAbstractionAPI/build/classes/
     [bootstrap] /usr/lib/jvm/java-6-sun-1.6.0.26/jre/classes
     [classpath + loader.0] file:/home/adrian/Aqui/PersistenceService/src/
     [bootstrap] /usr/lib/jvm/java-6-sun-1.6.0.26/jre/lib/charsets.jar
     [loader.1] file:/usr/lib/jvm/java-6-sun-1.6.0.26/jre/lib/ext/sunjce_provider.jar
     [bootstrap] /usr/lib/jvm/java-6-sun-1.6.0.26/jre/lib/sunrsasign.jar
     [classpath + loader.0] file:/home/adrian/Aqui/PersistenceAbstractionAPI/src/
     [loader.1] file:/usr/lib/jvm/java-6-sun-1.6.0.26/jre/lib/ext/sunpkcs11.jar
     [classpath + loader.0] file:/home/adrian/Aqui/PersistenceService/build/classes/
2012-02-16 15:39:10.225-0500: Library path:
    /usr/lib/jvm/java-6-sun-1.6.0.26/jre/lib/i386/server
    /usr/lib/jvm/java-6-sun-1.6.0.26/jre/lib/i386
    /usr/lib/jvm/java-6-sun-1.6.0.26/lib/i386
    /usr/lib/jvm/java-6-sun-1.6.0.26/jre/lib/i386/client
    /usr/lib/jvm/java-6-sun-1.6.0.26/jre/lib/i386
    /usr/lib/jvm/java-6-sun-1.6.0.26/lib/i386
    /usr/java/packages/lib/i386
    /lib
    /usr/lib
2012-02-16 15:39:10.227-0500: System.properties:
    sun.boot.library.path = /usr/lib/jvm/java-6-sun-1.6.0.26/jre/lib/i386
    path.separator = :
    file.encoding.pkg = sun.io
    sun.java.launcher = SUN_STANDARD
    user.country = CO
    sun.os.patch.level = unknown
    user.dir = /home/adrian/Aqui/PersistenceService
    sun.jnu.encoding = UTF-8
    sun.management.compiler = HotSpot Tiered Compilers
    user.home = /home/adrian
    user.timezone = America/Bogota
    file.encoding = UTF-8
    user.name = adrian
    sun.java.command = org.kuwaiba.persistenceservice.Main
    sun.arch.data.model = 32
    user.language = es
    file.separator = /
    sun.io.unicode.encoding = UnicodeLittle
    sun.cpu.endian = little
    sun.desktop = gnome
    sun.cpu.isalist = 
2012-02-16 15:39:10.229-0500: Linux scheduler information:
    noop anticipatory deadline [cfq] 
    noop anticipatory deadline [cfq] 
    none
    none
    none
    none
    none
    none
    none
    none
2012-02-16 15:39:10.238-0500: Neo4j Kernel properties:
    store_dir=/home/adrian/Aqui/PersistenceService/target/our-db
    logical_log=/home/adrian/Aqui/PersistenceService/target/our-db/nioneo_logical.log
    node_auto_indexing=false
    neostore.relationshipstore.db.mapped_memory=100M
    neostore.nodestore.db.mapped_memory=20M
    use_memory_mapped_buffers=true
    rebuild_idgenerators_fast=true
    neostore.propertystore.db.index.keys.mapped_memory=1M
    neostore.propertystore.db.arrays.mapped_memory=130M
    neostore.propertystore.db.strings.mapped_memory=130M
    neo_store=/home/adrian/Aqui/PersistenceService/target/our-db/neostore
    neostore.propertystore.db.index.mapped_memory=1M
    create=true
    neostore.propertystore.db.mapped_memory=90M
    relationship_auto_indexing=false
2012-02-16 15:39:10.240-0500: Store versions:
    NeoStore v0.A.0
    NodeStore v0.A.0
    RelationshipStore v0.A.0
    RelationshipTypeStore v0.A.0
    PropertyStore v0.A.0
    PropertyIndexStore v0.A.0
    StringPropertyStore v0.A.0
    ArrayPropertyStore v0.A.0
2012-02-16 15:39:10.241-0500: Id usage:
    NodeStore: used=1 high=0
    RelationshipStore: used=0 high=-1
    RelationshipTypeStore: used=0 high=-1
    PropertyStore: used=0 high=-1
    PropertyIndexStore: used=0 high=-1
    StringPropertyStore: used=1 high=0
    ArrayPropertyStore: used=1 high=0
2012-02-16 15:39:10.242-0500: Storage files:
    lock: 0,00 B
    neostore.relationshiptypestore.db: 0,00 B
    neostore.relationshiptypestore.db.id: 9,00 B
    neostore.relationshipstore.db.id: 9,00 B
    tm_tx_log.1: 0,00 B
    neostore.propertystore.db.arrays: 128,00 B
    neostore.relationshiptypestore.db.names: 38,00 B
    nioneo_logical.log.1: 16,00 B
    neostore.relationshipstore.db: 0,00 B
    neostore: 54,00 B
    neostore.propertystore.db.id: 9,00 B
    neostore.propertystore.db.index.keys: 38,00 B
    neostore.propertystore.db.strings: 128,00 B
    neostore.id: 9,00 B
    neostore.propertystore.db.index: 0,00 B
    neostore.nodestore.db: 9,00 B
    nioneo_logical.log.active: 4,00 B
    neostore.propertystore.db.arrays.id: 9,00 B
    neostore.propertystore.db: 0,00 B
    messages.log: 7,63 kB
    neostore.propertystore.db.index.keys.id: 9,00 B
    active_tx_log: 11,00 B
    neostore.relationshiptypestore.db.names.id: 9,00 B
    index:
      lucene.log.active: 4,00 B
      lucene-store.db: 40,00 B
      lucene.log.1: 16,00 B
    - Total: 60,00 B
    neostore.propertystore.db.index.id: 9,00 B
    neostore.propertystore.db.strings.id: 9,00 B
    neostore.nodestore.db.id: 9,00 B
2012-02-16 15:39:10.257-0500: --- STARTUP diagnostics END ---
2012-02-16 15:39:10.266-0500: Extension org.neo4j.kernel.KernelExtension[shell] loaded ok
